<?xml version="1.0" encoding="UTF-8"?>
<testsuite name="com.accountbook.controller.ScheduleControllerTest" tests="1" skipped="0" failures="0" errors="0" timestamp="2020-10-16T10:05:09" hostname="DESKTOP-HDALO7H" time="2.881">
  <properties/>
  <testcase name="dailySpent()" classname="com.accountbook.controller.ScheduleControllerTest" time="2.881"/>
  <system-out><![CDATA[[Account{accountId=1, accountTitle='소비테스트제목', accountContent='소비내용', accountBalance=10000, accountStatus='소비', category='의류', accountDate=2020-10-17T02:49:55}, Account{accountId=2, accountTitle='소비테스트제목', accountContent='소비내용', accountBalance=10000, accountStatus='소비', category='의류', accountDate=2020-10-17T04:00:05}]
]]></system-out>
  <system-err><![CDATA[]]></system-err>
</testsuite>
