<?xml version="1.0" encoding="UTF-8"?>
<testsuite name="com.accountbook.controller.ScheduleControllerTest" tests="2" skipped="0" failures="0" errors="0" timestamp="2020-10-16T06:23:53" hostname="DESKTOP-HDALO7H" time="0.041">
  <properties/>
  <testcase name="dailyIncome()" classname="com.accountbook.controller.ScheduleControllerTest" time="0.039"/>
  <testcase name="dailySpent()" classname="com.accountbook.controller.ScheduleControllerTest" time="0.001"/>
  <system-out><![CDATA[]]></system-out>
  <system-err><![CDATA[]]></system-err>
</testsuite>
